1760719025.719833 client started (17844): version 3.5a, socket /private/tmp/tmux-501/default, protocol 8
1760719025.719883 on Darwin 23.4.0 Darwin Kernel Version 23.4.0: Wed Feb 21 21:51:37 PST 2024; root:xnu-10063.101.15~2/RELEASE_ARM64_T8112
1760719025.719889 using libevent 2.1.12-stable select
1760719025.719913 using utf8proc 2.11.0
1760719025.719919 using ncurses 6.5 20240427
1760719025.719929 flags are 0x18010000
1760719025.719934 socket is /private/tmp/tmux-501/default
1760719025.719940 trying connect
1760719025.719949 connect failed: No such file or directory
1760719025.719956 lock file is /private/tmp/tmux-501/default.lock
1760719025.719996 flock succeeded
1760719025.720002 got lock (6)
1760719025.720007 trying connect
1760719025.720014 connect failed: No such file or directory
1760719025.720237 add peer 0x140048000: 7 (0x0)
1760719025.721811 sending message 111 to peer 0x140048000 (8 bytes)
1760719025.721819 sending message 111 to peer 0x140048000 (8 bytes)
1760719025.721824 sending message 101 to peer 0x140048000 (15 bytes)
1760719025.721828 sending message 109 to peer 0x140048000 (4 bytes)
1760719025.721832 sending message 102 to peer 0x140048000 (13 bytes)
1760719025.721836 sending message 108 to peer 0x140048000 (59 bytes)
1760719025.721839 sending message 112 to peer 0x140048000 (58 bytes)
1760719025.721843 sending message 112 to peer 0x140048000 (5 bytes)
1760719025.721846 sending message 112 to peer 0x140048000 (5 bytes)
1760719025.721850 sending message 112 to peer 0x140048000 (6 bytes)
1760719025.721854 sending message 112 to peer 0x140048000 (6 bytes)
1760719025.721857 sending message 112 to peer 0x140048000 (11 bytes)
1760719025.721861 sending message 112 to peer 0x140048000 (10 bytes)
1760719025.721864 sending message 112 to peer 0x140048000 (13 bytes)
1760719025.721868 sending message 112 to peer 0x140048000 (14 bytes)
1760719025.721872 sending message 112 to peer 0x140048000 (19 bytes)
1760719025.721875 sending message 112 to peer 0x140048000 (11 bytes)
1760719025.721879 sending message 112 to peer 0x140048000 (10 bytes)
1760719025.721883 sending message 112 to peer 0x140048000 (15 bytes)
1760719025.721887 sending message 112 to peer 0x140048000 (21 bytes)
1760719025.721891 sending message 112 to peer 0x140048000 (13 bytes)
1760719025.721894 sending message 112 to peer 0x140048000 (7 bytes)
1760719025.721898 sending message 112 to peer 0x140048000 (13 bytes)
1760719025.721902 sending message 112 to peer 0x140048000 (7 bytes)
1760719025.721905 sending message 112 to peer 0x140048000 (13 bytes)
1760719025.721908 sending message 112 to peer 0x140048000 (9 bytes)
1760719025.721912 sending message 112 to peer 0x140048000 (21 bytes)
1760719025.721916 sending message 112 to peer 0x140048000 (13 bytes)
1760719025.721920 sending message 112 to peer 0x140048000 (9 bytes)
1760719025.721923 sending message 112 to peer 0x140048000 (16 bytes)
1760719025.721926 sending message 112 to peer 0x140048000 (13 bytes)
1760719025.721929 sending message 112 to peer 0x140048000 (9 bytes)
1760719025.721932 sending message 112 to peer 0x140048000 (9 bytes)
1760719025.721936 sending message 112 to peer 0x140048000 (12 bytes)
1760719025.721939 sending message 112 to peer 0x140048000 (8 bytes)
1760719025.721946 sending message 112 to peer 0x140048000 (8 bytes)
1760719025.721950 sending message 112 to peer 0x140048000 (13 bytes)
1760719025.721953 sending message 112 to peer 0x140048000 (7 bytes)
1760719025.721957 sending message 112 to peer 0x140048000 (7 bytes)
1760719025.721960 sending message 112 to peer 0x140048000 (9 bytes)
1760719025.721964 sending message 112 to peer 0x140048000 (9 bytes)
1760719025.721968 sending message 112 to peer 0x140048000 (15 bytes)
1760719025.721971 sending message 112 to peer 0x140048000 (13 bytes)
1760719025.721974 sending message 112 to peer 0x140048000 (12 bytes)
1760719025.721978 sending message 112 to peer 0x140048000 (8 bytes)
1760719025.721982 sending message 112 to peer 0x140048000 (14 bytes)
1760719025.721985 sending message 112 to peer 0x140048000 (11 bytes)
1760719025.721989 sending message 112 to peer 0x140048000 (9 bytes)
1760719025.722002 sending message 112 to peer 0x140048000 (10 bytes)
1760719025.722004 sending message 112 to peer 0x140048000 (10 bytes)
1760719025.722007 sending message 112 to peer 0x140048000 (10 bytes)
1760719025.722009 sending message 112 to peer 0x140048000 (10 bytes)
1760719025.722012 sending message 112 to peer 0x140048000 (11 bytes)
1760719025.722015 sending message 112 to peer 0x140048000 (12 bytes)
1760719025.722017 sending message 112 to peer 0x140048000 (12 bytes)
1760719025.722020 sending message 112 to peer 0x140048000 (12 bytes)
1760719025.722022 sending message 112 to peer 0x140048000 (12 bytes)
1760719025.722025 sending message 112 to peer 0x140048000 (12 bytes)
1760719025.722027 sending message 112 to peer 0x140048000 (11 bytes)
1760719025.722030 sending message 112 to peer 0x140048000 (11 bytes)
1760719025.722032 sending message 112 to peer 0x140048000 (12 bytes)
1760719025.722035 sending message 112 to peer 0x140048000 (12 bytes)
1760719025.722038 sending message 112 to peer 0x140048000 (12 bytes)
1760719025.722040 sending message 112 to peer 0x140048000 (12 bytes)
1760719025.722043 sending message 112 to peer 0x140048000 (12 bytes)
1760719025.722045 sending message 112 to peer 0x140048000 (9 bytes)
1760719025.722048 sending message 112 to peer 0x140048000 (12 bytes)
1760719025.722051 sending message 112 to peer 0x140048000 (13 bytes)
1760719025.722053 sending message 112 to peer 0x140048000 (13 bytes)
1760719025.722055 sending message 112 to peer 0x140048000 (13 bytes)
1760719025.722058 sending message 112 to peer 0x140048000 (13 bytes)
1760719025.722061 sending message 112 to peer 0x140048000 (13 bytes)
1760719025.722064 sending message 112 to peer 0x140048000 (8 bytes)
1760719025.722067 sending message 112 to peer 0x140048000 (11 bytes)
1760719025.722070 sending message 112 to peer 0x140048000 (11 bytes)
1760719025.722073 sending message 112 to peer 0x140048000 (11 bytes)
1760719025.722075 sending message 112 to peer 0x140048000 (12 bytes)
1760719025.722078 sending message 112 to peer 0x140048000 (12 bytes)
1760719025.722080 sending message 112 to peer 0x140048000 (12 bytes)
1760719025.722083 sending message 112 to peer 0x140048000 (12 bytes)
1760719025.722085 sending message 112 to peer 0x140048000 (13 bytes)
1760719025.722087 sending message 112 to peer 0x140048000 (13 bytes)
1760719025.722090 sending message 112 to peer 0x140048000 (13 bytes)
1760719025.722093 sending message 112 to peer 0x140048000 (8 bytes)
1760719025.722096 sending message 112 to peer 0x140048000 (13 bytes)
1760719025.722099 sending message 112 to peer 0x140048000 (13 bytes)
1760719025.722101 sending message 112 to peer 0x140048000 (13 bytes)
1760719025.722104 sending message 112 to peer 0x140048000 (13 bytes)
1760719025.722106 sending message 112 to peer 0x140048000 (13 bytes)
1760719025.722109 sending message 112 to peer 0x140048000 (12 bytes)
1760719025.722111 sending message 112 to peer 0x140048000 (12 bytes)
1760719025.722114 sending message 112 to peer 0x140048000 (12 bytes)
1760719025.722116 sending message 112 to peer 0x140048000 (12 bytes)
1760719025.722119 sending message 112 to peer 0x140048000 (13 bytes)
1760719025.722122 sending message 112 to peer 0x140048000 (8 bytes)
1760719025.722124 sending message 112 to peer 0x140048000 (13 bytes)
1760719025.722127 sending message 112 to peer 0x140048000 (13 bytes)
1760719025.722129 sending message 112 to peer 0x140048000 (13 bytes)
1760719025.722132 sending message 112 to peer 0x140048000 (13 bytes)
1760719025.722135 sending message 112 to peer 0x140048000 (13 bytes)
1760719025.722138 sending message 112 to peer 0x140048000 (13 bytes)
1760719025.722140 sending message 112 to peer 0x140048000 (13 bytes)
1760719025.722143 sending message 112 to peer 0x140048000 (12 bytes)
1760719025.722146 sending message 112 to peer 0x140048000 (12 bytes)
1760719025.722148 sending message 112 to peer 0x140048000 (12 bytes)
1760719025.722151 sending message 112 to peer 0x140048000 (8 bytes)
1760719025.722154 sending message 112 to peer 0x140048000 (12 bytes)
1760719025.722160 sending message 112 to peer 0x140048000 (13 bytes)
1760719025.722163 sending message 112 to peer 0x140048000 (13 bytes)
1760719025.722165 sending message 112 to peer 0x140048000 (13 bytes)
1760719025.722168 sending message 112 to peer 0x140048000 (13 bytes)
1760719025.722170 sending message 112 to peer 0x140048000 (13 bytes)
1760719025.722172 sending message 112 to peer 0x140048000 (13 bytes)
1760719025.722174 sending message 112 to peer 0x140048000 (13 bytes)
1760719025.722180 sending message 112 to peer 0x140048000 (13 bytes)
1760719025.722183 sending message 112 to peer 0x140048000 (12 bytes)
1760719025.722186 sending message 112 to peer 0x140048000 (10 bytes)
1760719025.722189 sending message 112 to peer 0x140048000 (12 bytes)
1760719025.722192 sending message 112 to peer 0x140048000 (12 bytes)
1760719025.722195 sending message 112 to peer 0x140048000 (12 bytes)
1760719025.722199 sending message 112 to peer 0x140048000 (13 bytes)
1760719025.722202 sending message 112 to peer 0x140048000 (13 bytes)
1760719025.722206 sending message 112 to peer 0x140048000 (13 bytes)
1760719025.722210 sending message 112 to peer 0x140048000 (13 bytes)
1760719025.722213 sending message 112 to peer 0x140048000 (13 bytes)
1760719025.722217 sending message 112 to peer 0x140048000 (13 bytes)
1760719025.722221 sending message 112 to peer 0x140048000 (13 bytes)
1760719025.722224 sending message 112 to peer 0x140048000 (10 bytes)
1760719025.722228 sending message 112 to peer 0x140048000 (13 bytes)
1760719025.722232 sending message 112 to peer 0x140048000 (12 bytes)
1760719025.722236 sending message 112 to peer 0x140048000 (12 bytes)
1760719025.722239 sending message 112 to peer 0x140048000 (12 bytes)
1760719025.722242 sending message 112 to peer 0x140048000 (10 bytes)
1760719025.722247 sending message 112 to peer 0x140048000 (10 bytes)
1760719025.722251 sending message 112 to peer 0x140048000 (10 bytes)
1760719025.722254 sending message 112 to peer 0x140048000 (12 bytes)
1760719025.722258 sending message 112 to peer 0x140048000 (13 bytes)
1760719025.722262 sending message 112 to peer 0x140048000 (13 bytes)
1760719025.722266 sending message 112 to peer 0x140048000 (13 bytes)
1760719025.722269 sending message 112 to peer 0x140048000 (13 bytes)
1760719025.722273 sending message 112 to peer 0x140048000 (13 bytes)
1760719025.722276 sending message 112 to peer 0x140048000 (10 bytes)
1760719025.722280 sending message 112 to peer 0x140048000 (11 bytes)
1760719025.722283 sending message 112 to peer 0x140048000 (12 bytes)
1760719025.722286 sending message 112 to peer 0x140048000 (12 bytes)
1760719025.722290 sending message 112 to peer 0x140048000 (12 bytes)
1760719025.722293 sending message 112 to peer 0x140048000 (12 bytes)
1760719025.722296 sending message 112 to peer 0x140048000 (12 bytes)
1760719025.722300 sending message 112 to peer 0x140048000 (11 bytes)
1760719025.722303 sending message 112 to peer 0x140048000 (12 bytes)
1760719025.722307 sending message 112 to peer 0x140048000 (12 bytes)
1760719025.722310 sending message 112 to peer 0x140048000 (13 bytes)
1760719025.722314 sending message 112 to peer 0x140048000 (13 bytes)
1760719025.722318 sending message 112 to peer 0x140048000 (13 bytes)
1760719025.722321 sending message 112 to peer 0x140048000 (13 bytes)
1760719025.722324 sending message 112 to peer 0x140048000 (13 bytes)
1760719025.722327 sending message 112 to peer 0x140048000 (10 bytes)
1760719025.722331 sending message 112 to peer 0x140048000 (9 bytes)
1760719025.722335 sending message 112 to peer 0x140048000 (12 bytes)
1760719025.722338 sending message 112 to peer 0x140048000 (13 bytes)
1760719025.722340 sending message 112 to peer 0x140048000 (13 bytes)
1760719025.722343 sending message 112 to peer 0x140048000 (13 bytes)
1760719025.722346 sending message 112 to peer 0x140048000 (13 bytes)
1760719025.722350 sending message 112 to peer 0x140048000 (13 bytes)
1760719025.722353 sending message 112 to peer 0x140048000 (9 bytes)
1760719025.722357 sending message 112 to peer 0x140048000 (12 bytes)
1760719025.722360 sending message 112 to peer 0x140048000 (13 bytes)
1760719025.722368 sending message 112 to peer 0x140048000 (13 bytes)
1760719025.722371 sending message 112 to peer 0x140048000 (13 bytes)
1760719025.722374 sending message 112 to peer 0x140048000 (13 bytes)
1760719025.722377 sending message 112 to peer 0x140048000 (13 bytes)
1760719025.722380 sending message 112 to peer 0x140048000 (11 bytes)
1760719025.722383 sending message 112 to peer 0x140048000 (12 bytes)
1760719025.722386 sending message 112 to peer 0x140048000 (13 bytes)
1760719025.722389 sending message 112 to peer 0x140048000 (13 bytes)
1760719025.722393 sending message 112 to peer 0x140048000 (13 bytes)
1760719025.722396 sending message 112 to peer 0x140048000 (13 bytes)
1760719025.722399 sending message 112 to peer 0x140048000 (13 bytes)
1760719025.722403 sending message 112 to peer 0x140048000 (11 bytes)
1760719025.722406 sending message 112 to peer 0x140048000 (12 bytes)
1760719025.722409 sending message 112 to peer 0x140048000 (12 bytes)
1760719025.722413 sending message 112 to peer 0x140048000 (12 bytes)
1760719025.722417 sending message 112 to peer 0x140048000 (12 bytes)
1760719025.722421 sending message 112 to peer 0x140048000 (12 bytes)
1760719025.722424 sending message 112 to peer 0x140048000 (21 bytes)
1760719025.722427 sending message 112 to peer 0x140048000 (12 bytes)
1760719025.722431 sending message 112 to peer 0x140048000 (9 bytes)
1760719025.722435 sending message 112 to peer 0x140048000 (6 bytes)
1760719025.722438 sending message 112 to peer 0x140048000 (13 bytes)
1760719025.722442 sending message 112 to peer 0x140048000 (10 bytes)
1760719025.722446 sending message 112 to peer 0x140048000 (24 bytes)
1760719025.722449 sending message 112 to peer 0x140048000 (13 bytes)
1760719025.722453 sending message 112 to peer 0x140048000 (9 bytes)
1760719025.722460 sending message 112 to peer 0x140048000 (70 bytes)
1760719025.722463 sending message 112 to peer 0x140048000 (69 bytes)
1760719025.722467 sending message 112 to peer 0x140048000 (12 bytes)
1760719025.722470 sending message 112 to peer 0x140048000 (10 bytes)
1760719025.722474 sending message 112 to peer 0x140048000 (10 bytes)
1760719025.722477 sending message 112 to peer 0x140048000 (24 bytes)
1760719025.722481 sending message 112 to peer 0x140048000 (13 bytes)
1760719025.722484 sending message 112 to peer 0x140048000 (10 bytes)
1760719025.722488 sending message 112 to peer 0x140048000 (10 bytes)
1760719025.722491 sending message 112 to peer 0x140048000 (10 bytes)
1760719025.722495 sending message 112 to peer 0x140048000 (13 bytes)
1760719025.722498 sending message 112 to peer 0x140048000 (15 bytes)
1760719025.722501 sending message 112 to peer 0x140048000 (5 bytes)
1760719025.722505 sending message 104 to peer 0x140048000 (0 bytes)
1760719025.722508 sending message 110 to peer 0x140048000 (0 bytes)
1760719025.722512 sending message 107 to peer 0x140048000 (4 bytes)
1760719025.722515 sending message 105 to peer 0x140048000 (17 bytes)
1760719025.722519 sending message 105 to peer 0x140048000 (20 bytes)
1760719025.722523 sending message 105 to peer 0x140048000 (22 bytes)
1760719025.722526 sending message 105 to peer 0x140048000 (42 bytes)
1760719025.722530 sending message 105 to peer 0x140048000 (903 bytes)
1760719025.722533 sending message 105 to peer 0x140048000 (23 bytes)
1760719025.722537 sending message 105 to peer 0x140048000 (66 bytes)
1760719025.722540 sending message 105 to peer 0x140048000 (27 bytes)
1760719025.722544 sending message 105 to peer 0x140048000 (15 bytes)
1760719025.722547 sending message 105 to peer 0x140048000 (57 bytes)
1760719025.722550 sending message 105 to peer 0x140048000 (38 bytes)
1760719025.722554 sending message 105 to peer 0x140048000 (19 bytes)
1760719025.722557 sending message 105 to peer 0x140048000 (14 bytes)
1760719025.722561 sending message 105 to peer 0x140048000 (39 bytes)
1760719025.722565 sending message 105 to peer 0x140048000 (8 bytes)
1760719025.722568 sending message 105 to peer 0x140048000 (63 bytes)
1760719025.722572 sending message 105 to peer 0x140048000 (58 bytes)
1760719025.722581 sending message 105 to peer 0x140048000 (30 bytes)
1760719025.722585 sending message 105 to peer 0x140048000 (37 bytes)
1760719025.722588 sending message 105 to peer 0x140048000 (34 bytes)
1760719025.722592 sending message 105 to peer 0x140048000 (60 bytes)
1760719025.722595 sending message 105 to peer 0x140048000 (40 bytes)
1760719025.722598 sending message 105 to peer 0x140048000 (16 bytes)
1760719025.722602 sending message 105 to peer 0x140048000 (162 bytes)
1760719025.722605 sending message 105 to peer 0x140048000 (353 bytes)
1760719025.722609 sending message 105 to peer 0x140048000 (20 bytes)
1760719025.722612 sending message 105 to peer 0x140048000 (29 bytes)
1760719025.722616 sending message 105 to peer 0x140048000 (17 bytes)
1760719025.722619 sending message 105 to peer 0x140048000 (20 bytes)
1760719025.722622 sending message 105 to peer 0x140048000 (103 bytes)
1760719025.722625 sending message 105 to peer 0x140048000 (142 bytes)
1760719025.722630 sending message 105 to peer 0x140048000 (31 bytes)
1760719025.722633 sending message 105 to peer 0x140048000 (120 bytes)
1760719025.722637 sending message 105 to peer 0x140048000 (98 bytes)
1760719025.722641 sending message 105 to peer 0x140048000 (19 bytes)
1760719025.722644 sending message 105 to peer 0x140048000 (30 bytes)
1760719025.722648 sending message 105 to peer 0x140048000 (35 bytes)
1760719025.722651 sending message 105 to peer 0x140048000 (20 bytes)
1760719025.722655 sending message 105 to peer 0x140048000 (29 bytes)
1760719025.722657 sending message 105 to peer 0x140048000 (35 bytes)
1760719025.722660 sending message 105 to peer 0x140048000 (25 bytes)
1760719025.722662 sending message 106 to peer 0x140048000 (0 bytes)
1760719025.722727 sending message 200 to peer 0x140048000 (4 bytes)
1760719025.722731 client loop enter
1760719025.722747 client_signal: Child exited: 20
1760719025.767350 peer 0x140048000 message 207
1760719025.767356 sending message 208 to peer 0x140048000 (0 bytes)
1760719042.305728 peer 0x140048000 message 203
1760719042.305890 sending message 205 to peer 0x140048000 (0 bytes)
1760719042.306237 peer 0x140048000 message 204
1760719042.306254 client loop exit
